<?xml version="1.0" encoding="UTF-8"?>
<!-- Generated by org.testng.reporters.JUnitXMLReporter -->
<testsuite hostname="DESKTOP-K3QEPSU" ignored="1" name="Default test" tests="3" failures="0" timestamp="13 Oct 2018 18:54:13 GMT" time="0.397" errors="0">
  <testcase name="postTest" time="0.334" classname="com.shp.test.api.product.PostAPITest"/>
  <testcase name="updatePostTest" time="0.014" classname="com.shp.test.api.product.PostAPITest"/>
  <testcase name="retrieveTest" time="0.013" classname="com.shp.test.api.product.PostAPITest"/>
  <testcase name="delete" time="0.0" classname="com.shp.test.api.product.PostAPITest">
    <ignored/>
  </testcase> <!-- delete -->
</testsuite> <!-- Default test -->
