<?xml version="1.0" encoding="UTF-8"?>
<testng-results skipped="0" failed="0" ignored="1" total="4" passed="3">
  <reporter-output>
  </reporter-output>
  <suite name="Default suite" duration-ms="397" started-at="2018-10-13T18:54:13Z" finished-at="2018-10-13T18:54:13Z">
    <groups>
    </groups>
    <test name="Default test" duration-ms="397" started-at="2018-10-13T18:54:13Z" finished-at="2018-10-13T18:54:13Z">
      <class name="com.shp.test.api.product.PostAPITest">
        <test-method status="PASS" signature="postTest()[pri:0, instance:com.shp.test.api.product.PostAPITest@130f889]" name="postTest" duration-ms="334" started-at="2018-10-13T11:54:13Z" finished-at="2018-10-13T11:54:13Z">
          <reporter-output>
          </reporter-output>
        </test-method> <!-- postTest -->
        <test-method status="PASS" signature="updatePostTest()[pri:0, instance:com.shp.test.api.product.PostAPITest@130f889]" name="updatePostTest" duration-ms="14" started-at="2018-10-13T11:54:13Z" depends-on-methods="com.shp.test.api.product.PostAPITest.postTest" finished-at="2018-10-13T11:54:13Z">
          <reporter-output>
          </reporter-output>
        </test-method> <!-- updatePostTest -->
        <test-method status="PASS" signature="retrieveTest()[pri:0, instance:com.shp.test.api.product.PostAPITest@130f889]" name="retrieveTest" duration-ms="13" started-at="2018-10-13T11:54:13Z" depends-on-methods="com.shp.test.api.product.PostAPITest.updatePostTest" finished-at="2018-10-13T11:54:13Z">
          <reporter-output>
          </reporter-output>
        </test-method> <!-- retrieveTest -->
      </class> <!-- com.shp.test.api.product.PostAPITest -->
    </test> <!-- Default test -->
  </suite> <!-- Default suite -->
</testng-results>
